2024-11-10 00:46:47,584 - INFO - Starting server initialization...
2024-11-10 00:46:47,584 - INFO - Environment variables loaded successfully
2024-11-10 00:46:47,584 - INFO - Initializing Firebase...
2024-11-10 00:46:47,663 - INFO - Firebase initialized successfully
2024-11-10 00:46:47,663 - INFO - Loading spaCy model...
2024-11-10 00:46:49,478 - INFO - spaCy model loaded successfully
2024-11-10 00:46:49,478 - INFO - Initializing ChromaDB...
2024-11-10 00:46:49,478 - INFO - Created ChromaDB directory at ./chroma_db
2024-11-10 00:46:49,485 - INFO - Anonymized telemetry enabled. See                     https://docs.trychroma.com/telemetry for more information.
2024-11-10 00:46:49,698 - INFO - Created new ChromaDB collection
2024-11-10 00:46:49,698 - INFO - ChromaDB initialized successfully
2024-11-10 00:47:49,788 - INFO - Starting server initialization...
2024-11-10 00:47:49,788 - INFO - Environment variables loaded successfully
2024-11-10 00:47:49,788 - INFO - Initializing Firebase...
2024-11-10 00:47:49,817 - INFO - Firebase initialized successfully
2024-11-10 00:47:49,817 - INFO - Loading spaCy model...
2024-11-10 00:47:50,750 - INFO - spaCy model loaded successfully
2024-11-10 00:47:50,750 - INFO - Initializing ChromaDB...
2024-11-10 00:47:50,758 - INFO - Anonymized telemetry enabled. See                     https://docs.trychroma.com/telemetry for more information.
2024-11-10 00:47:50,888 - INFO - Retrieved existing ChromaDB collection
2024-11-10 00:47:50,888 - INFO - ChromaDB initialized successfully
