2024-12-13 22:10:59,401 - INFO - __main__ - Starting server initialization...
2024-12-13 22:10:59,401 - INFO - firebase - Initializing Firebase...
2024-12-13 22:10:59,430 - INFO - firebase - Firebase initialized successfully
2024-12-13 22:10:59,430 - INFO - vectorization - Initializing ChromaDB...
2024-12-13 22:10:59,431 - INFO - vectorization - Created ChromaDB directory at ./chroma_db
2024-12-13 22:10:59,432 - ERROR - vectorization - Error initializing ChromaDB: unhashable type: 'Settings'
2024-12-13 22:13:22,070 - INFO - __main__ - Starting server initialization...
2024-12-13 22:13:22,070 - INFO - firebase - Initializing Firebase...
2024-12-13 22:13:22,101 - INFO - firebase - Firebase initialized successfully
2024-12-13 22:13:22,102 - INFO - vectorization - Initializing ChromaDB...
2024-12-13 22:13:22,102 - ERROR - vectorization - Error initializing ChromaDB: [91mYou are using a deprecated configuration of Chroma.

[94mIf you do not have data you wish to migrate, you only need to change how you construct
your Chroma client. Please see the "New Clients" section of https://docs.trychroma.com/deployment/migration.
________________________________________________________________________________________________

If you do have data you wish to migrate, we have a migration tool you can use in order to
migrate your data to the new Chroma architecture.
Please `pip install chroma-migrate` and run `chroma-migrate` to migrate your data and then
change how you construct your Chroma client.

See https://docs.trychroma.com/deployment/migration for more information or join our discord at https://discord.gg/8g5FESbj for help![0m
2024-12-13 22:13:54,806 - INFO - __main__ - Starting server initialization...
2024-12-13 22:13:54,806 - INFO - firebase - Initializing Firebase...
2024-12-13 22:13:54,838 - INFO - firebase - Firebase initialized successfully
2024-12-13 22:13:54,838 - INFO - vectorization - Initializing ChromaDB...
2024-12-13 22:13:54,839 - ERROR - vectorization - Error initializing ChromaDB: [91mYou are using a deprecated configuration of Chroma.

[94mIf you do not have data you wish to migrate, you only need to change how you construct
your Chroma client. Please see the "New Clients" section of https://docs.trychroma.com/deployment/migration.
________________________________________________________________________________________________

If you do have data you wish to migrate, we have a migration tool you can use in order to
migrate your data to the new Chroma architecture.
Please `pip install chroma-migrate` and run `chroma-migrate` to migrate your data and then
change how you construct your Chroma client.

See https://docs.trychroma.com/deployment/migration for more information or join our discord at https://discord.gg/8g5FESbj for help![0m
2024-12-13 22:17:30,776 - INFO - __main__ - Starting server initialization...
2024-12-13 22:17:30,776 - INFO - firebase - Initializing Firebase...
2024-12-13 22:17:30,811 - INFO - firebase - Firebase initialized successfully
2024-12-13 22:17:30,811 - INFO - vectorization - Initializing ChromaDB...
2024-12-13 22:17:30,812 - ERROR - vectorization - Error initializing ChromaDB: [91mYou are using a deprecated configuration of Chroma.

[94mIf you do not have data you wish to migrate, you only need to change how you construct
your Chroma client. Please see the "New Clients" section of https://docs.trychroma.com/deployment/migration.
________________________________________________________________________________________________

If you do have data you wish to migrate, we have a migration tool you can use in order to
migrate your data to the new Chroma architecture.
Please `pip install chroma-migrate` and run `chroma-migrate` to migrate your data and then
change how you construct your Chroma client.

See https://docs.trychroma.com/deployment/migration for more information or join our discord at https://discord.gg/8g5FESbj for help![0m
2024-12-13 22:20:19,129 - INFO - __main__ - Starting server initialization...
2024-12-13 22:20:19,129 - INFO - firebase - Initializing Firebase...
2024-12-13 22:20:19,158 - INFO - firebase - Firebase initialized successfully
2024-12-13 22:20:19,158 - INFO - vectorization - Initializing ChromaDB...
2024-12-13 22:20:19,159 - ERROR - vectorization - Error initializing ChromaDB: [91mYou are using a deprecated configuration of Chroma.

[94mIf you do not have data you wish to migrate, you only need to change how you construct
your Chroma client. Please see the "New Clients" section of https://docs.trychroma.com/deployment/migration.
________________________________________________________________________________________________

If you do have data you wish to migrate, we have a migration tool you can use in order to
migrate your data to the new Chroma architecture.
Please `pip install chroma-migrate` and run `chroma-migrate` to migrate your data and then
change how you construct your Chroma client.

See https://docs.trychroma.com/deployment/migration for more information or join our discord at https://discord.gg/8g5FESbj for help![0m
2024-12-13 22:20:57,888 - INFO - __main__ - Starting server initialization...
2024-12-13 22:20:57,888 - INFO - firebase - Initializing Firebase...
2024-12-13 22:20:57,917 - INFO - firebase - Firebase initialized successfully
2024-12-13 22:20:57,918 - INFO - vectorization - Initializing ChromaDB...
2024-12-13 22:20:57,919 - ERROR - vectorization - Error initializing ChromaDB: [91mYou are using a deprecated configuration of Chroma.

[94mIf you do not have data you wish to migrate, you only need to change how you construct
your Chroma client. Please see the "New Clients" section of https://docs.trychroma.com/deployment/migration.
________________________________________________________________________________________________

If you do have data you wish to migrate, we have a migration tool you can use in order to
migrate your data to the new Chroma architecture.
Please `pip install chroma-migrate` and run `chroma-migrate` to migrate your data and then
change how you construct your Chroma client.

See https://docs.trychroma.com/deployment/migration for more information or join our discord at https://discord.gg/8g5FESbj for help![0m
2024-12-13 22:22:20,049 - INFO - __main__ - Starting server initialization...
2024-12-13 22:22:20,049 - INFO - firebase - Initializing Firebase...
2024-12-13 22:22:20,080 - INFO - firebase - Firebase initialized successfully
2024-12-13 22:22:20,080 - INFO - vectorization - Initializing ChromaDB...
2024-12-13 22:22:20,080 - ERROR - vectorization - Error initializing ChromaDB: Client() got an unexpected keyword argument 'chroma_db_impl'
2024-12-13 22:23:33,535 - INFO - __main__ - Starting server initialization...
2024-12-13 22:23:33,535 - INFO - firebase - Initializing Firebase...
2024-12-13 22:23:33,564 - INFO - firebase - Firebase initialized successfully
2024-12-13 22:23:33,564 - INFO - vectorization - Initializing ChromaDB...
2024-12-13 22:23:33,564 - ERROR - vectorization - Error initializing ChromaDB: Client() got an unexpected keyword argument 'persist_directory'
2024-12-13 22:23:49,421 - INFO - __main__ - Starting server initialization...
2024-12-13 22:23:49,421 - INFO - firebase - Initializing Firebase...
2024-12-13 22:23:49,453 - INFO - firebase - Firebase initialized successfully
2024-12-13 22:23:49,453 - INFO - vectorization - Initializing ChromaDB...
2024-12-13 22:23:49,476 - INFO - chromadb.telemetry.product.posthog - Anonymized telemetry enabled. See                     https://docs.trychroma.com/telemetry for more information.
2024-12-13 22:23:49,611 - ERROR - vectorization - Error initializing ChromaDB: Collection case_study_vectors does not exist.
2024-12-13 22:24:01,117 - INFO - __main__ - Starting server initialization...
2024-12-13 22:24:01,117 - INFO - firebase - Initializing Firebase...
2024-12-13 22:24:01,145 - INFO - firebase - Firebase initialized successfully
2024-12-13 22:24:01,145 - INFO - vectorization - Initializing ChromaDB...
2024-12-13 22:24:01,145 - ERROR - vectorization - Error initializing ChromaDB: Client() got an unexpected keyword argument 'chroma_db_impl'
2024-12-13 22:24:41,446 - INFO - __main__ - Starting server initialization...
2024-12-13 22:24:41,446 - INFO - firebase - Initializing Firebase...
2024-12-13 22:24:41,477 - INFO - firebase - Firebase initialized successfully
2024-12-13 22:24:41,478 - INFO - vectorization - Initializing ChromaDB...
2024-12-13 22:24:41,478 - ERROR - vectorization - Error initializing ChromaDB: Client() got an unexpected keyword argument 'chroma_db_impl'
2024-12-13 22:30:19,539 - INFO - __main__ - Starting server initialization...
2024-12-13 22:30:19,539 - INFO - firebase - Initializing Firebase...
2024-12-13 22:30:19,574 - INFO - firebase - Firebase initialized successfully
2024-12-13 22:30:19,574 - INFO - vectorization - Initializing ChromaDB...
2024-12-13 22:30:19,574 - ERROR - vectorization - Error initializing ChromaDB: Client() got an unexpected keyword argument 'chroma_db_impl'
2024-12-13 22:32:24,004 - INFO - __main__ - Starting server initialization...
2024-12-13 22:32:24,004 - INFO - firebase - Initializing Firebase...
2024-12-13 22:32:24,036 - INFO - firebase - Firebase initialized successfully
2024-12-13 22:32:24,036 - INFO - vectorization - Initializing ChromaDB...
2024-12-13 22:32:24,036 - ERROR - vectorization - Error initializing ChromaDB: Client() got an unexpected keyword argument 'chroma_db_impl'
